<?xml version="1.0" encoding="UTF-8"?>
<testsuite xmlns:xsi="http://www.w3.org/2001/XMLSchema-instance" xsi:noNamespaceSchemaLocation="https://maven.apache.org/surefire/maven-surefire-plugin/xsd/surefire-test-report-3.0.xsd" version="3.0" name="CollideTests" time="5.904" tests="8" errors="0" skipped="0" failures="0">
  <properties>
    <property name="java.specification.version" value="17"/>
    <property name="sun.cpu.isalist" value="amd64"/>
    <property name="sun.jnu.encoding" value="Cp1252"/>
    <property name="java.class.path" value="C:\Users\Skutlis\java-workspace\MacroHard_Binbows\game2022\target\test-classes;C:\Users\Skutlis\java-workspace\MacroHard_Binbows\game2022\target\classes;C:\Users\Skutlis\.m2\repository\com\badlogicgames\gdx\gdx\1.10.0\gdx-1.10.0.jar;C:\Users\Skutlis\.m2\repository\com\badlogicgames\gdx\gdx-platform\1.10.0\gdx-platform-1.10.0-natives-desktop.jar;C:\Users\Skutlis\.m2\repository\com\badlogicgames\gdx\gdx-backend-lwjgl3\1.10.0\gdx-backend-lwjgl3-1.10.0.jar;C:\Users\Skutlis\.m2\repository\org\lwjgl\lwjgl\3.2.3\lwjgl-3.2.3.jar;C:\Users\Skutlis\.m2\repository\org\lwjgl\lwjgl\3.2.3\lwjgl-3.2.3-natives-windows.jar;C:\Users\Skutlis\.m2\repository\org\lwjgl\lwjgl\3.2.3\lwjgl-3.2.3-natives-windows-x86.jar;C:\Users\Skutlis\.m2\repository\org\lwjgl\lwjgl\3.2.3\lwjgl-3.2.3-natives-linux.jar;C:\Users\Skutlis\.m2\repository\org\lwjgl\lwjgl\3.2.3\lwjgl-3.2.3-natives-linux-arm32.jar;C:\Users\Skutlis\.m2\repository\org\lwjgl\lwjgl\3.2.3\lwjgl-3.2.3-natives-linux-arm64.jar;C:\Users\Skutlis\.m2\repository\org\lwjgl\lwjgl\3.2.3\lwjgl-3.2.3-natives-macos.jar;C:\Users\Skutlis\.m2\repository\org\lwjgl\lwjgl-glfw\3.2.3\lwjgl-glfw-3.2.3.jar;C:\Users\Skutlis\.m2\repository\org\lwjgl\lwjgl-glfw\3.2.3\lwjgl-glfw-3.2.3-natives-windows.jar;C:\Users\Skutlis\.m2\repository\org\lwjgl\lwjgl-glfw\3.2.3\lwjgl-glfw-3.2.3-natives-windows-x86.jar;C:\Users\Skutlis\.m2\repository\org\lwjgl\lwjgl-glfw\3.2.3\lwjgl-glfw-3.2.3-natives-linux.jar;C:\Users\Skutlis\.m2\repository\org\lwjgl\lwjgl-glfw\3.2.3\lwjgl-glfw-3.2.3-natives-linux-arm32.jar;C:\Users\Skutlis\.m2\repository\org\lwjgl\lwjgl-glfw\3.2.3\lwjgl-glfw-3.2.3-natives-linux-arm64.jar;C:\Users\Skutlis\.m2\repository\org\lwjgl\lwjgl-glfw\3.2.3\lwjgl-glfw-3.2.3-natives-macos.jar;C:\Users\Skutlis\.m2\repository\org\lwjgl\lwjgl-jemalloc\3.2.3\lwjgl-jemalloc-3.2.3.jar;C:\Users\Skutlis\.m2\repository\org\lwjgl\lwjgl-jemalloc\3.2.3\lwjgl-jemalloc-3.2.3-natives-windows.jar;C:\Users\Skutlis\.m2\repository\org\lwjgl\lwjgl-jemalloc\3.2.3\lwjgl-jemalloc-3.2.3-natives-windows-x86.jar;C:\Users\Skutlis\.m2\repository\org\lwjgl\lwjgl-jemalloc\3.2.3\lwjgl-jemalloc-3.2.3-natives-linux.jar;C:\Users\Skutlis\.m2\repository\org\lwjgl\lwjgl-jemalloc\3.2.3\lwjgl-jemalloc-3.2.3-natives-linux-arm32.jar;C:\Users\Skutlis\.m2\repository\org\lwjgl\lwjgl-jemalloc\3.2.3\lwjgl-jemalloc-3.2.3-natives-linux-arm64.jar;C:\Users\Skutlis\.m2\repository\org\lwjgl\lwjgl-jemalloc\3.2.3\lwjgl-jemalloc-3.2.3-natives-macos.jar;C:\Users\Skutlis\.m2\repository\org\lwjgl\lwjgl-opengl\3.2.3\lwjgl-opengl-3.2.3.jar;C:\Users\Skutlis\.m2\repository\org\lwjgl\lwjgl-opengl\3.2.3\lwjgl-opengl-3.2.3-natives-windows.jar;C:\Users\Skutlis\.m2\repository\org\lwjgl\lwjgl-opengl\3.2.3\lwjgl-opengl-3.2.3-natives-windows-x86.jar;C:\Users\Skutlis\.m2\repository\org\lwjgl\lwjgl-opengl\3.2.3\lwjgl-opengl-3.2.3-natives-linux.jar;C:\Users\Skutlis\.m2\repository\org\lwjgl\lwjgl-opengl\3.2.3\lwjgl-opengl-3.2.3-natives-linux-arm32.jar;C:\Users\Skutlis\.m2\repository\org\lwjgl\lwjgl-opengl\3.2.3\lwjgl-opengl-3.2.3-natives-linux-arm64.jar;C:\Users\Skutlis\.m2\repository\org\lwjgl\lwjgl-opengl\3.2.3\lwjgl-opengl-3.2.3-natives-macos.jar;C:\Users\Skutlis\.m2\repository\org\lwjgl\lwjgl-openal\3.2.3\lwjgl-openal-3.2.3.jar;C:\Users\Skutlis\.m2\repository\org\lwjgl\lwjgl-openal\3.2.3\lwjgl-openal-3.2.3-natives-windows.jar;C:\Users\Skutlis\.m2\repository\org\lwjgl\lwjgl-openal\3.2.3\lwjgl-openal-3.2.3-natives-windows-x86.jar;C:\Users\Skutlis\.m2\repository\org\lwjgl\lwjgl-openal\3.2.3\lwjgl-openal-3.2.3-natives-linux.jar;C:\Users\Skutlis\.m2\repository\org\lwjgl\lwjgl-openal\3.2.3\lwjgl-openal-3.2.3-natives-linux-arm32.jar;C:\Users\Skutlis\.m2\repository\org\lwjgl\lwjgl-openal\3.2.3\lwjgl-openal-3.2.3-natives-linux-arm64.jar;C:\Users\Skutlis\.m2\repository\org\lwjgl\lwjgl-openal\3.2.3\lwjgl-openal-3.2.3-natives-macos.jar;C:\Users\Skutlis\.m2\repository\com\badlogicgames\jlayer\jlayer\1.0.1-gdx\jlayer-1.0.1-gdx.jar;C:\Users\Skutlis\.m2\repository\org\jcraft\jorbis\0.0.17\jorbis-0.0.17.jar;C:\Users\Skutlis\.m2\repository\org\junit\jupiter\junit-jupiter\5.5.2\junit-jupiter-5.5.2.jar;C:\Users\Skutlis\.m2\repository\org\junit\jupiter\junit-jupiter-api\5.5.2\junit-jupiter-api-5.5.2.jar;C:\Users\Skutlis\.m2\repository\org\apiguardian\apiguardian-api\1.1.0\apiguardian-api-1.1.0.jar;C:\Users\Skutlis\.m2\repository\org\opentest4j\opentest4j\1.2.0\opentest4j-1.2.0.jar;C:\Users\Skutlis\.m2\repository\org\junit\platform\junit-platform-commons\1.5.2\junit-platform-commons-1.5.2.jar;C:\Users\Skutlis\.m2\repository\org\junit\jupiter\junit-jupiter-params\5.5.2\junit-jupiter-params-5.5.2.jar;C:\Users\Skutlis\.m2\repository\org\junit\jupiter\junit-jupiter-engine\5.5.2\junit-jupiter-engine-5.5.2.jar;C:\Users\Skutlis\.m2\repository\org\junit\platform\junit-platform-engine\1.5.2\junit-platform-engine-1.5.2.jar;"/>
    <property name="java.vm.vendor" value="Oracle Corporation"/>
    <property name="sun.arch.data.model" value="64"/>
    <property name="user.variant" value=""/>
    <property name="java.vendor.url" value="https://java.oracle.com/"/>
    <property name="user.timezone" value="Europe/Oslo"/>
    <property name="os.name" value="Windows 10"/>
    <property name="java.vm.specification.version" value="17"/>
    <property name="sun.java.launcher" value="SUN_STANDARD"/>
    <property name="user.country" value="GB"/>
    <property name="sun.boot.library.path" value="C:\Program Files\Java\jdk-17.0.2\bin"/>
    <property name="sun.java.command" value="C:\Users\Skutlis\AppData\Local\Temp\surefire12232132154877224475\surefirebooter14092765702841497850.jar C:\Users\Skutlis\AppData\Local\Temp\surefire12232132154877224475 2022-04-29T16-17-55_743-jvmRun1 surefire14239659444803501117tmp surefire_017951456728858878705tmp"/>
    <property name="jdk.debug" value="release"/>
    <property name="surefire.test.class.path" value="C:\Users\Skutlis\java-workspace\MacroHard_Binbows\game2022\target\test-classes;C:\Users\Skutlis\java-workspace\MacroHard_Binbows\game2022\target\classes;C:\Users\Skutlis\.m2\repository\com\badlogicgames\gdx\gdx\1.10.0\gdx-1.10.0.jar;C:\Users\Skutlis\.m2\repository\com\badlogicgames\gdx\gdx-platform\1.10.0\gdx-platform-1.10.0-natives-desktop.jar;C:\Users\Skutlis\.m2\repository\com\badlogicgames\gdx\gdx-backend-lwjgl3\1.10.0\gdx-backend-lwjgl3-1.10.0.jar;C:\Users\Skutlis\.m2\repository\org\lwjgl\lwjgl\3.2.3\lwjgl-3.2.3.jar;C:\Users\Skutlis\.m2\repository\org\lwjgl\lwjgl\3.2.3\lwjgl-3.2.3-natives-windows.jar;C:\Users\Skutlis\.m2\repository\org\lwjgl\lwjgl\3.2.3\lwjgl-3.2.3-natives-windows-x86.jar;C:\Users\Skutlis\.m2\repository\org\lwjgl\lwjgl\3.2.3\lwjgl-3.2.3-natives-linux.jar;C:\Users\Skutlis\.m2\repository\org\lwjgl\lwjgl\3.2.3\lwjgl-3.2.3-natives-linux-arm32.jar;C:\Users\Skutlis\.m2\repository\org\lwjgl\lwjgl\3.2.3\lwjgl-3.2.3-natives-linux-arm64.jar;C:\Users\Skutlis\.m2\repository\org\lwjgl\lwjgl\3.2.3\lwjgl-3.2.3-natives-macos.jar;C:\Users\Skutlis\.m2\repository\org\lwjgl\lwjgl-glfw\3.2.3\lwjgl-glfw-3.2.3.jar;C:\Users\Skutlis\.m2\repository\org\lwjgl\lwjgl-glfw\3.2.3\lwjgl-glfw-3.2.3-natives-windows.jar;C:\Users\Skutlis\.m2\repository\org\lwjgl\lwjgl-glfw\3.2.3\lwjgl-glfw-3.2.3-natives-windows-x86.jar;C:\Users\Skutlis\.m2\repository\org\lwjgl\lwjgl-glfw\3.2.3\lwjgl-glfw-3.2.3-natives-linux.jar;C:\Users\Skutlis\.m2\repository\org\lwjgl\lwjgl-glfw\3.2.3\lwjgl-glfw-3.2.3-natives-linux-arm32.jar;C:\Users\Skutlis\.m2\repository\org\lwjgl\lwjgl-glfw\3.2.3\lwjgl-glfw-3.2.3-natives-linux-arm64.jar;C:\Users\Skutlis\.m2\repository\org\lwjgl\lwjgl-glfw\3.2.3\lwjgl-glfw-3.2.3-natives-macos.jar;C:\Users\Skutlis\.m2\repository\org\lwjgl\lwjgl-jemalloc\3.2.3\lwjgl-jemalloc-3.2.3.jar;C:\Users\Skutlis\.m2\repository\org\lwjgl\lwjgl-jemalloc\3.2.3\lwjgl-jemalloc-3.2.3-natives-windows.jar;C:\Users\Skutlis\.m2\repository\org\lwjgl\lwjgl-jemalloc\3.2.3\lwjgl-jemalloc-3.2.3-natives-windows-x86.jar;C:\Users\Skutlis\.m2\repository\org\lwjgl\lwjgl-jemalloc\3.2.3\lwjgl-jemalloc-3.2.3-natives-linux.jar;C:\Users\Skutlis\.m2\repository\org\lwjgl\lwjgl-jemalloc\3.2.3\lwjgl-jemalloc-3.2.3-natives-linux-arm32.jar;C:\Users\Skutlis\.m2\repository\org\lwjgl\lwjgl-jemalloc\3.2.3\lwjgl-jemalloc-3.2.3-natives-linux-arm64.jar;C:\Users\Skutlis\.m2\repository\org\lwjgl\lwjgl-jemalloc\3.2.3\lwjgl-jemalloc-3.2.3-natives-macos.jar;C:\Users\Skutlis\.m2\repository\org\lwjgl\lwjgl-opengl\3.2.3\lwjgl-opengl-3.2.3.jar;C:\Users\Skutlis\.m2\repository\org\lwjgl\lwjgl-opengl\3.2.3\lwjgl-opengl-3.2.3-natives-windows.jar;C:\Users\Skutlis\.m2\repository\org\lwjgl\lwjgl-opengl\3.2.3\lwjgl-opengl-3.2.3-natives-windows-x86.jar;C:\Users\Skutlis\.m2\repository\org\lwjgl\lwjgl-opengl\3.2.3\lwjgl-opengl-3.2.3-natives-linux.jar;C:\Users\Skutlis\.m2\repository\org\lwjgl\lwjgl-opengl\3.2.3\lwjgl-opengl-3.2.3-natives-linux-arm32.jar;C:\Users\Skutlis\.m2\repository\org\lwjgl\lwjgl-opengl\3.2.3\lwjgl-opengl-3.2.3-natives-linux-arm64.jar;C:\Users\Skutlis\.m2\repository\org\lwjgl\lwjgl-opengl\3.2.3\lwjgl-opengl-3.2.3-natives-macos.jar;C:\Users\Skutlis\.m2\repository\org\lwjgl\lwjgl-openal\3.2.3\lwjgl-openal-3.2.3.jar;C:\Users\Skutlis\.m2\repository\org\lwjgl\lwjgl-openal\3.2.3\lwjgl-openal-3.2.3-natives-windows.jar;C:\Users\Skutlis\.m2\repository\org\lwjgl\lwjgl-openal\3.2.3\lwjgl-openal-3.2.3-natives-windows-x86.jar;C:\Users\Skutlis\.m2\repository\org\lwjgl\lwjgl-openal\3.2.3\lwjgl-openal-3.2.3-natives-linux.jar;C:\Users\Skutlis\.m2\repository\org\lwjgl\lwjgl-openal\3.2.3\lwjgl-openal-3.2.3-natives-linux-arm32.jar;C:\Users\Skutlis\.m2\repository\org\lwjgl\lwjgl-openal\3.2.3\lwjgl-openal-3.2.3-natives-linux-arm64.jar;C:\Users\Skutlis\.m2\repository\org\lwjgl\lwjgl-openal\3.2.3\lwjgl-openal-3.2.3-natives-macos.jar;C:\Users\Skutlis\.m2\repository\com\badlogicgames\jlayer\jlayer\1.0.1-gdx\jlayer-1.0.1-gdx.jar;C:\Users\Skutlis\.m2\repository\org\jcraft\jorbis\0.0.17\jorbis-0.0.17.jar;C:\Users\Skutlis\.m2\repository\org\junit\jupiter\junit-jupiter\5.5.2\junit-jupiter-5.5.2.jar;C:\Users\Skutlis\.m2\repository\org\junit\jupiter\junit-jupiter-api\5.5.2\junit-jupiter-api-5.5.2.jar;C:\Users\Skutlis\.m2\repository\org\apiguardian\apiguardian-api\1.1.0\apiguardian-api-1.1.0.jar;C:\Users\Skutlis\.m2\repository\org\opentest4j\opentest4j\1.2.0\opentest4j-1.2.0.jar;C:\Users\Skutlis\.m2\repository\org\junit\platform\junit-platform-commons\1.5.2\junit-platform-commons-1.5.2.jar;C:\Users\Skutlis\.m2\repository\org\junit\jupiter\junit-jupiter-params\5.5.2\junit-jupiter-params-5.5.2.jar;C:\Users\Skutlis\.m2\repository\org\junit\jupiter\junit-jupiter-engine\5.5.2\junit-jupiter-engine-5.5.2.jar;C:\Users\Skutlis\.m2\repository\org\junit\platform\junit-platform-engine\1.5.2\junit-platform-engine-1.5.2.jar;"/>
    <property name="sun.cpu.endian" value="little"/>
    <property name="user.home" value="C:\Users\Skutlis"/>
    <property name="user.language" value="en"/>
    <property name="java.specification.vendor" value="Oracle Corporation"/>
    <property name="java.version.date" value="2022-01-18"/>
    <property name="java.home" value="C:\Program Files\Java\jdk-17.0.2"/>
    <property name="file.separator" value="\"/>
    <property name="basedir" value="C:\Users\Skutlis\java-workspace\MacroHard_Binbows\game2022"/>
    <property name="java.vm.compressedOopsMode" value="Zero based"/>
    <property name="line.separator" value="&#10;"/>
    <property name="java.vm.specification.vendor" value="Oracle Corporation"/>
    <property name="java.specification.name" value="Java Platform API Specification"/>
    <property name="surefire.real.class.path" value="C:\Users\Skutlis\AppData\Local\Temp\surefire12232132154877224475\surefirebooter14092765702841497850.jar"/>
    <property name="user.script" value=""/>
    <property name="sun.management.compiler" value="HotSpot 64-Bit Tiered Compilers"/>
    <property name="java.runtime.version" value="17.0.2+8-LTS-86"/>
    <property name="user.name" value="Skutlis"/>
    <property name="path.separator" value=";"/>
    <property name="org.lwjgl.input.Mouse.allowNegativeMouseCoords" value="true"/>
    <property name="os.version" value="10.0"/>
    <property name="java.runtime.name" value="Java(TM) SE Runtime Environment"/>
    <property name="org.lwjgl.librarypath" value="C:\Users\Skutlis\AppData\Local\Temp\lwjglSkutlis\3.2.3-build-13"/>
    <property name="file.encoding" value="Cp1252"/>
    <property name="java.vm.name" value="Java HotSpot(TM) 64-Bit Server VM"/>
    <property name="localRepository" value="C:\Users\Skutlis\.m2\repository"/>
    <property name="java.vendor.url.bug" value="https://bugreport.java.com/bugreport/"/>
    <property name="java.io.tmpdir" value="C:\Users\Skutlis\AppData\Local\Temp\"/>
    <property name="idea.version" value="2021.3.1"/>
    <property name="java.version" value="17.0.2"/>
    <property name="user.dir" value="C:\Users\Skutlis\java-workspace\MacroHard_Binbows\game2022"/>
    <property name="os.arch" value="amd64"/>
    <property name="java.vm.specification.name" value="Java Virtual Machine Specification"/>
    <property name="sun.os.patch.level" value=""/>
    <property name="native.encoding" value="Cp1252"/>
    <property name="java.library.path" value="C:\Program Files\Java\jdk-17.0.2\bin;C:\WINDOWS\Sun\Java\bin;C:\WINDOWS\system32;C:\WINDOWS;C:\Program Files\Common Files\Oracle\Java\javapath;C:\Program Files (x86)\Common Files\Oracle\Java\javapath;C:\Windows\system32;C:\Windows;C:\Windows\System32\Wbem;C:\Windows\System32\WindowsPowerShell\v1.0\;C:\Windows\System32\OpenSSH\;C:\Program Files (x86)\NVIDIA Corporation\PhysX\Common;C:\Program Files\Java\jdk-13.0.2\bin;C:\Program Files\nodejs\;C:\WINDOWS\system32;C:\WINDOWS;C:\WINDOWS\System32\Wbem;C:\WINDOWS\System32\WindowsPowerShell\v1.0\;C:\WINDOWS\System32\OpenSSH\;C:\ProgramData\chocolatey\bin;C:\Users\Skutlis\AppData\Local\Programs\Python\Python39;C:\Program Files (x86)\IVI Foundation\VISA\WinNT\Bin;C:\Users\Skutlis\AppData\Local\Programs\MiKTeX;C:\Program Files\NVIDIA Corporation\NVIDIA NvDLISR;C:\Program Files\dotnet\;C:\Program Files\GitHub CLI\;C:\Program Files\Git\cmd;C:\Program Files\MySQL\MySQL Shell 8.0\bin\;C:\Users\Skutlis\AppData\Local\Programs\Python\Python39\Scripts\;C:\Users\Skutlis\AppData\Local\Programs\Python\Python39\;C:\Users\Skutlis\AppData\Roaming\local\bin;C:\Users\Skutlis\AppData\Local\Programs\Python\Python38-32\Scripts\;C:\Users\Skutlis\AppData\Local\Programs\Python\Python38-32\;C:\Users\Skutlis\AppData\Local\Microsoft\WindowsApps;C:\Users\Skutlis\AppData\Local\Programs\Microsoft VS Code\bin;C:\Program Files\JetBrains\WebStorm 2020.1.1\bin;;C:\Users\Skutlis\AppData\Roaming\npm;C:\Program Files\JetBrains\PyCharm 2020.2\bin;;C:\Users\Skutlis\AppData\Roaming\cabal\bin;C:\ProgramData\chocolatey\lib\ghc\tools\ghc-8.10.2\bin;C:\tools\msys64;C:\Users\Skutlis\AppData\Local\GitHubDesktop\bin;C:\Users\Skutlis\AppData\Local\Programs\MiKTeX\miktex\bin\x64\;C:\Users\Skutlis\.dotnet\tools;."/>
    <property name="java.vm.info" value="mixed mode, sharing"/>
    <property name="java.vendor" value="Oracle Corporation"/>
    <property name="java.vm.version" value="17.0.2+8-LTS-86"/>
    <property name="sun.io.unicode.encoding" value="UnicodeLittle"/>
    <property name="java.class.version" value="61.0"/>
  </properties>
  <testcase name="rectCollidesWithMapTest_withPlayerObject" classname="CollideTests" time="0.055">
    <system-out><![CDATA[com.badlogic.gdx.maps.tiled.tiles.StaticTiledMapTile@52e7a6b2
TALL_GRASS1
com.badlogic.gdx.maps.tiled.tiles.StaticTiledMapTile@52e7a6b2
TALL_GRASS1
com.badlogic.gdx.maps.tiled.tiles.StaticTiledMapTile@52e7a6b2
TALL_GRASS1
com.badlogic.gdx.maps.tiled.tiles.StaticTiledMapTile@52e7a6b2
TALL_GRASS1
com.badlogic.gdx.maps.tiled.tiles.StaticTiledMapTile@79c97cb
TALL_GRASS2
com.badlogic.gdx.maps.tiled.tiles.StaticTiledMapTile@79c97cb
TALL_GRASS2
com.badlogic.gdx.maps.tiled.tiles.StaticTiledMapTile@79c97cb
TALL_GRASS2
com.badlogic.gdx.maps.tiled.tiles.StaticTiledMapTile@79c97cb
TALL_GRASS2
com.badlogic.gdx.maps.tiled.tiles.StaticTiledMapTile@389c4eb1
TESTGRASS
com.badlogic.gdx.maps.tiled.tiles.StaticTiledMapTile@389c4eb1
TESTGRASS
com.badlogic.gdx.maps.tiled.tiles.StaticTiledMapTile@52e7a6b2
TALL_GRASS1
com.badlogic.gdx.maps.tiled.tiles.StaticTiledMapTile@52e7a6b2
TALL_GRASS1
com.badlogic.gdx.maps.tiled.tiles.StaticTiledMapTile@52e7a6b2
TALL_GRASS1
com.badlogic.gdx.maps.tiled.tiles.StaticTiledMapTile@52e7a6b2
TALL_GRASS1
com.badlogic.gdx.maps.tiled.tiles.StaticTiledMapTile@389c4eb1
TESTGRASS
com.badlogic.gdx.maps.tiled.tiles.StaticTiledMapTile@79c97cb
TALL_GRASS2
com.badlogic.gdx.maps.tiled.tiles.StaticTiledMapTile@79c97cb
TALL_GRASS2
com.badlogic.gdx.maps.tiled.tiles.StaticTiledMapTile@79c97cb
TALL_GRASS2
com.badlogic.gdx.maps.tiled.tiles.StaticTiledMapTile@79c97cb
TALL_GRASS2
com.badlogic.gdx.maps.tiled.tiles.StaticTiledMapTile@52e7a6b2
TALL_GRASS1
com.badlogic.gdx.maps.tiled.tiles.StaticTiledMapTile@52e7a6b2
TALL_GRASS1
com.badlogic.gdx.maps.tiled.tiles.StaticTiledMapTile@52e7a6b2
TALL_GRASS1
com.badlogic.gdx.maps.tiled.tiles.StaticTiledMapTile@52e7a6b2
TALL_GRASS1
com.badlogic.gdx.maps.tiled.tiles.StaticTiledMapTile@79c97cb
TALL_GRASS2
com.badlogic.gdx.maps.tiled.tiles.StaticTiledMapTile@79c97cb
TALL_GRASS2
com.badlogic.gdx.maps.tiled.tiles.StaticTiledMapTile@79c97cb
TALL_GRASS2
com.badlogic.gdx.maps.tiled.tiles.StaticTiledMapTile@79c97cb
TALL_GRASS2
com.badlogic.gdx.maps.tiled.tiles.StaticTiledMapTile@52e7a6b2
TALL_GRASS1
com.badlogic.gdx.maps.tiled.tiles.StaticTiledMapTile@52e7a6b2
TALL_GRASS1
com.badlogic.gdx.maps.tiled.tiles.StaticTiledMapTile@52e7a6b2
TALL_GRASS1
com.badlogic.gdx.maps.tiled.tiles.StaticTiledMapTile@52e7a6b2
TALL_GRASS1
com.badlogic.gdx.maps.tiled.tiles.StaticTiledMapTile@79c97cb
TALL_GRASS2
com.badlogic.gdx.maps.tiled.tiles.StaticTiledMapTile@79c97cb
TALL_GRASS2
com.badlogic.gdx.maps.tiled.tiles.StaticTiledMapTile@79c97cb
TALL_GRASS2
com.badlogic.gdx.maps.tiled.tiles.StaticTiledMapTile@79c97cb
TALL_GRASS2
com.badlogic.gdx.maps.tiled.tiles.StaticTiledMapTile@78aa1f72
TESTDIRT
com.badlogic.gdx.maps.tiled.tiles.StaticTiledMapTile@78aa1f72
TESTDIRT
com.badlogic.gdx.maps.tiled.tiles.StaticTiledMapTile@52e7a6b2
TALL_GRASS1
com.badlogic.gdx.maps.tiled.tiles.StaticTiledMapTile@52e7a6b2
TALL_GRASS1
com.badlogic.gdx.maps.tiled.tiles.StaticTiledMapTile@52e7a6b2
TALL_GRASS1
com.badlogic.gdx.maps.tiled.tiles.StaticTiledMapTile@52e7a6b2
TALL_GRASS1
com.badlogic.gdx.maps.tiled.tiles.StaticTiledMapTile@78aa1f72
TESTDIRT
com.badlogic.gdx.maps.tiled.tiles.StaticTiledMapTile@79c97cb
TALL_GRASS2
com.badlogic.gdx.maps.tiled.tiles.StaticTiledMapTile@79c97cb
TALL_GRASS2
com.badlogic.gdx.maps.tiled.tiles.StaticTiledMapTile@79c97cb
TALL_GRASS2
com.badlogic.gdx.maps.tiled.tiles.StaticTiledMapTile@79c97cb
TALL_GRASS2
com.badlogic.gdx.maps.tiled.tiles.StaticTiledMapTile@52e7a6b2
TALL_GRASS1
com.badlogic.gdx.maps.tiled.tiles.StaticTiledMapTile@52e7a6b2
TALL_GRASS1
com.badlogic.gdx.maps.tiled.tiles.StaticTiledMapTile@52e7a6b2
TALL_GRASS1
com.badlogic.gdx.maps.tiled.tiles.StaticTiledMapTile@52e7a6b2
TALL_GRASS1
com.badlogic.gdx.maps.tiled.tiles.StaticTiledMapTile@79c97cb
TALL_GRASS2
com.badlogic.gdx.maps.tiled.tiles.StaticTiledMapTile@79c97cb
TALL_GRASS2
com.badlogic.gdx.maps.tiled.tiles.StaticTiledMapTile@79c97cb
TALL_GRASS2
com.badlogic.gdx.maps.tiled.tiles.StaticTiledMapTile@79c97cb
TALL_GRASS2
com.badlogic.gdx.maps.tiled.tiles.StaticTiledMapTile@52e7a6b2
TALL_GRASS1
com.badlogic.gdx.maps.tiled.tiles.StaticTiledMapTile@52e7a6b2
TALL_GRASS1
com.badlogic.gdx.maps.tiled.tiles.StaticTiledMapTile@52e7a6b2
TALL_GRASS1
com.badlogic.gdx.maps.tiled.tiles.StaticTiledMapTile@52e7a6b2
TALL_GRASS1
com.badlogic.gdx.maps.tiled.tiles.StaticTiledMapTile@79c97cb
TALL_GRASS2
com.badlogic.gdx.maps.tiled.tiles.StaticTiledMapTile@79c97cb
TALL_GRASS2
com.badlogic.gdx.maps.tiled.tiles.StaticTiledMapTile@79c97cb
TALL_GRASS2
com.badlogic.gdx.maps.tiled.tiles.StaticTiledMapTile@79c97cb
TALL_GRASS2
com.badlogic.gdx.maps.tiled.tiles.StaticTiledMapTile@389c4eb1
TESTGRASS
com.badlogic.gdx.maps.tiled.tiles.StaticTiledMapTile@389c4eb1
TESTGRASS
com.badlogic.gdx.maps.tiled.tiles.StaticTiledMapTile@52e7a6b2
TALL_GRASS1
com.badlogic.gdx.maps.tiled.tiles.StaticTiledMapTile@52e7a6b2
TALL_GRASS1
com.badlogic.gdx.maps.tiled.tiles.StaticTiledMapTile@52e7a6b2
TALL_GRASS1
com.badlogic.gdx.maps.tiled.tiles.StaticTiledMapTile@52e7a6b2
TALL_GRASS1
com.badlogic.gdx.maps.tiled.tiles.StaticTiledMapTile@389c4eb1
TESTGRASS
com.badlogic.gdx.maps.tiled.tiles.StaticTiledMapTile@79c97cb
TALL_GRASS2
com.badlogic.gdx.maps.tiled.tiles.StaticTiledMapTile@79c97cb
TALL_GRASS2
com.badlogic.gdx.maps.tiled.tiles.StaticTiledMapTile@79c97cb
TALL_GRASS2
com.badlogic.gdx.maps.tiled.tiles.StaticTiledMapTile@79c97cb
TALL_GRASS2
com.badlogic.gdx.maps.tiled.tiles.StaticTiledMapTile@52e7a6b2
TALL_GRASS1
com.badlogic.gdx.maps.tiled.tiles.StaticTiledMapTile@52e7a6b2
TALL_GRASS1
com.badlogic.gdx.maps.tiled.tiles.StaticTiledMapTile@52e7a6b2
TALL_GRASS1
com.badlogic.gdx.maps.tiled.tiles.StaticTiledMapTile@52e7a6b2
TALL_GRASS1
com.badlogic.gdx.maps.tiled.tiles.StaticTiledMapTile@79c97cb
TALL_GRASS2
com.badlogic.gdx.maps.tiled.tiles.StaticTiledMapTile@79c97cb
TALL_GRASS2
com.badlogic.gdx.maps.tiled.tiles.StaticTiledMapTile@79c97cb
TALL_GRASS2
com.badlogic.gdx.maps.tiled.tiles.StaticTiledMapTile@79c97cb
TALL_GRASS2
Total coins: 10
com.badlogic.gdx.maps.tiled.tiles.StaticTiledMapTile@389c4eb1
TESTGRASS
com.badlogic.gdx.maps.tiled.tiles.StaticTiledMapTile@389c4eb1
TESTGRASS
com.badlogic.gdx.maps.tiled.tiles.StaticTiledMapTile@52e7a6b2
TALL_GRASS1
com.badlogic.gdx.maps.tiled.tiles.StaticTiledMapTile@52e7a6b2
TALL_GRASS1
com.badlogic.gdx.maps.tiled.tiles.StaticTiledMapTile@52e7a6b2
TALL_GRASS1
com.badlogic.gdx.maps.tiled.tiles.StaticTiledMapTile@52e7a6b2
TALL_GRASS1
com.badlogic.gdx.maps.tiled.tiles.StaticTiledMapTile@389c4eb1
TESTGRASS
com.badlogic.gdx.maps.tiled.tiles.StaticTiledMapTile@79c97cb
TALL_GRASS2
com.badlogic.gdx.maps.tiled.tiles.StaticTiledMapTile@79c97cb
TALL_GRASS2
com.badlogic.gdx.maps.tiled.tiles.StaticTiledMapTile@79c97cb
TALL_GRASS2
com.badlogic.gdx.maps.tiled.tiles.StaticTiledMapTile@79c97cb
TALL_GRASS2
com.badlogic.gdx.maps.tiled.tiles.StaticTiledMapTile@389c4eb1
TESTGRASS
com.badlogic.gdx.maps.tiled.tiles.StaticTiledMapTile@389c4eb1
TESTGRASS
com.badlogic.gdx.maps.tiled.tiles.StaticTiledMapTile@52e7a6b2
TALL_GRASS1
com.badlogic.gdx.maps.tiled.tiles.StaticTiledMapTile@52e7a6b2
TALL_GRASS1
com.badlogic.gdx.maps.tiled.tiles.StaticTiledMapTile@52e7a6b2
TALL_GRASS1
com.badlogic.gdx.maps.tiled.tiles.StaticTiledMapTile@52e7a6b2
TALL_GRASS1
com.badlogic.gdx.maps.tiled.tiles.StaticTiledMapTile@389c4eb1
TESTGRASS
com.badlogic.gdx.maps.tiled.tiles.StaticTiledMapTile@79c97cb
TALL_GRASS2
com.badlogic.gdx.maps.tiled.tiles.StaticTiledMapTile@79c97cb
TALL_GRASS2
com.badlogic.gdx.maps.tiled.tiles.StaticTiledMapTile@79c97cb
TALL_GRASS2
com.badlogic.gdx.maps.tiled.tiles.StaticTiledMapTile@79c97cb
TALL_GRASS2
com.badlogic.gdx.maps.tiled.tiles.StaticTiledMapTile@389c4eb1
TESTGRASS
com.badlogic.gdx.maps.tiled.tiles.StaticTiledMapTile@389c4eb1
TESTGRASS
com.badlogic.gdx.maps.tiled.tiles.StaticTiledMapTile@52e7a6b2
TALL_GRASS1
com.badlogic.gdx.maps.tiled.tiles.StaticTiledMapTile@52e7a6b2
TALL_GRASS1
com.badlogic.gdx.maps.tiled.tiles.StaticTiledMapTile@52e7a6b2
TALL_GRASS1
com.badlogic.gdx.maps.tiled.tiles.StaticTiledMapTile@52e7a6b2
TALL_GRASS1
com.badlogic.gdx.maps.tiled.tiles.StaticTiledMapTile@389c4eb1
TESTGRASS
com.badlogic.gdx.maps.tiled.tiles.StaticTiledMapTile@79c97cb
TALL_GRASS2
com.badlogic.gdx.maps.tiled.tiles.StaticTiledMapTile@79c97cb
TALL_GRASS2
com.badlogic.gdx.maps.tiled.tiles.StaticTiledMapTile@79c97cb
TALL_GRASS2
com.badlogic.gdx.maps.tiled.tiles.StaticTiledMapTile@79c97cb
TALL_GRASS2
com.badlogic.gdx.maps.tiled.tiles.StaticTiledMapTile@389c4eb1
TESTGRASS
com.badlogic.gdx.maps.tiled.tiles.StaticTiledMapTile@389c4eb1
TESTGRASS
com.badlogic.gdx.maps.tiled.tiles.StaticTiledMapTile@52e7a6b2
TALL_GRASS1
com.badlogic.gdx.maps.tiled.tiles.StaticTiledMapTile@52e7a6b2
TALL_GRASS1
com.badlogic.gdx.maps.tiled.tiles.StaticTiledMapTile@52e7a6b2
TALL_GRASS1
com.badlogic.gdx.maps.tiled.tiles.StaticTiledMapTile@52e7a6b2
TALL_GRASS1
com.badlogic.gdx.maps.tiled.tiles.StaticTiledMapTile@389c4eb1
TESTGRASS
com.badlogic.gdx.maps.tiled.tiles.StaticTiledMapTile@79c97cb
TALL_GRASS2
com.badlogic.gdx.maps.tiled.tiles.StaticTiledMapTile@79c97cb
TALL_GRASS2
com.badlogic.gdx.maps.tiled.tiles.StaticTiledMapTile@79c97cb
TALL_GRASS2
com.badlogic.gdx.maps.tiled.tiles.StaticTiledMapTile@79c97cb
TALL_GRASS2
com.badlogic.gdx.maps.tiled.tiles.StaticTiledMapTile@389c4eb1
TESTGRASS
com.badlogic.gdx.maps.tiled.tiles.StaticTiledMapTile@389c4eb1
TESTGRASS
com.badlogic.gdx.maps.tiled.tiles.StaticTiledMapTile@52e7a6b2
TALL_GRASS1
com.badlogic.gdx.maps.tiled.tiles.StaticTiledMapTile@52e7a6b2
TALL_GRASS1
com.badlogic.gdx.maps.tiled.tiles.StaticTiledMapTile@52e7a6b2
TALL_GRASS1
com.badlogic.gdx.maps.tiled.tiles.StaticTiledMapTile@52e7a6b2
TALL_GRASS1
com.badlogic.gdx.maps.tiled.tiles.StaticTiledMapTile@389c4eb1
TESTGRASS
com.badlogic.gdx.maps.tiled.tiles.StaticTiledMapTile@79c97cb
TALL_GRASS2
com.badlogic.gdx.maps.tiled.tiles.StaticTiledMapTile@79c97cb
TALL_GRASS2
com.badlogic.gdx.maps.tiled.tiles.StaticTiledMapTile@79c97cb
TALL_GRASS2
com.badlogic.gdx.maps.tiled.tiles.StaticTiledMapTile@79c97cb
TALL_GRASS2
com.badlogic.gdx.maps.tiled.tiles.StaticTiledMapTile@389c4eb1
TESTGRASS
com.badlogic.gdx.maps.tiled.tiles.StaticTiledMapTile@389c4eb1
TESTGRASS
com.badlogic.gdx.maps.tiled.tiles.StaticTiledMapTile@52e7a6b2
TALL_GRASS1
com.badlogic.gdx.maps.tiled.tiles.StaticTiledMapTile@52e7a6b2
TALL_GRASS1
com.badlogic.gdx.maps.tiled.tiles.StaticTiledMapTile@52e7a6b2
TALL_GRASS1
com.badlogic.gdx.maps.tiled.tiles.StaticTiledMapTile@52e7a6b2
TALL_GRASS1
com.badlogic.gdx.maps.tiled.tiles.StaticTiledMapTile@389c4eb1
TESTGRASS
com.badlogic.gdx.maps.tiled.tiles.StaticTiledMapTile@79c97cb
TALL_GRASS2
com.badlogic.gdx.maps.tiled.tiles.StaticTiledMapTile@79c97cb
TALL_GRASS2
com.badlogic.gdx.maps.tiled.tiles.StaticTiledMapTile@79c97cb
TALL_GRASS2
com.badlogic.gdx.maps.tiled.tiles.StaticTiledMapTile@79c97cb
TALL_GRASS2
com.badlogic.gdx.maps.tiled.tiles.StaticTiledMapTile@389c4eb1
TESTGRASS
com.badlogic.gdx.maps.tiled.tiles.StaticTiledMapTile@389c4eb1
TESTGRASS
com.badlogic.gdx.maps.tiled.tiles.StaticTiledMapTile@52e7a6b2
TALL_GRASS1
com.badlogic.gdx.maps.tiled.tiles.StaticTiledMapTile@52e7a6b2
TALL_GRASS1
com.badlogic.gdx.maps.tiled.tiles.StaticTiledMapTile@52e7a6b2
TALL_GRASS1
com.badlogic.gdx.maps.tiled.tiles.StaticTiledMapTile@52e7a6b2
TALL_GRASS1
com.badlogic.gdx.maps.tiled.tiles.StaticTiledMapTile@389c4eb1
TESTGRASS
com.badlogic.gdx.maps.tiled.tiles.StaticTiledMapTile@79c97cb
TALL_GRASS2
com.badlogic.gdx.maps.tiled.tiles.StaticTiledMapTile@79c97cb
TALL_GRASS2
com.badlogic.gdx.maps.tiled.tiles.StaticTiledMapTile@79c97cb
TALL_GRASS2
com.badlogic.gdx.maps.tiled.tiles.StaticTiledMapTile@79c97cb
TALL_GRASS2
com.badlogic.gdx.maps.tiled.tiles.StaticTiledMapTile@389c4eb1
TESTGRASS
com.badlogic.gdx.maps.tiled.tiles.StaticTiledMapTile@389c4eb1
TESTGRASS
com.badlogic.gdx.maps.tiled.tiles.StaticTiledMapTile@52e7a6b2
TALL_GRASS1
com.badlogic.gdx.maps.tiled.tiles.StaticTiledMapTile@52e7a6b2
TALL_GRASS1
com.badlogic.gdx.maps.tiled.tiles.StaticTiledMapTile@52e7a6b2
TALL_GRASS1
com.badlogic.gdx.maps.tiled.tiles.StaticTiledMapTile@52e7a6b2
TALL_GRASS1
com.badlogic.gdx.maps.tiled.tiles.StaticTiledMapTile@389c4eb1
TESTGRASS
com.badlogic.gdx.maps.tiled.tiles.StaticTiledMapTile@79c97cb
TALL_GRASS2
com.badlogic.gdx.maps.tiled.tiles.StaticTiledMapTile@79c97cb
TALL_GRASS2
com.badlogic.gdx.maps.tiled.tiles.StaticTiledMapTile@79c97cb
TALL_GRASS2
com.badlogic.gdx.maps.tiled.tiles.StaticTiledMapTile@79c97cb
TALL_GRASS2
com.badlogic.gdx.maps.tiled.tiles.StaticTiledMapTile@389c4eb1
TESTGRASS
com.badlogic.gdx.maps.tiled.tiles.StaticTiledMapTile@389c4eb1
TESTGRASS
com.badlogic.gdx.maps.tiled.tiles.StaticTiledMapTile@52e7a6b2
TALL_GRASS1
com.badlogic.gdx.maps.tiled.tiles.StaticTiledMapTile@52e7a6b2
TALL_GRASS1
com.badlogic.gdx.maps.tiled.tiles.StaticTiledMapTile@52e7a6b2
TALL_GRASS1
com.badlogic.gdx.maps.tiled.tiles.StaticTiledMapTile@79c97cb
TALL_GRASS2
com.badlogic.gdx.maps.tiled.tiles.StaticTiledMapTile@389c4eb1
TESTGRASS
com.badlogic.gdx.maps.tiled.tiles.StaticTiledMapTile@79c97cb
TALL_GRASS2
com.badlogic.gdx.maps.tiled.tiles.StaticTiledMapTile@79c97cb
TALL_GRASS2
com.badlogic.gdx.maps.tiled.tiles.StaticTiledMapTile@79c97cb
TALL_GRASS2
com.badlogic.gdx.maps.tiled.tiles.StaticTiledMapTile@79c97cb
TALL_GRASS2
com.badlogic.gdx.maps.tiled.tiles.StaticTiledMapTile@389c4eb1
TESTGRASS
com.badlogic.gdx.maps.tiled.tiles.StaticTiledMapTile@389c4eb1
TESTGRASS
com.badlogic.gdx.maps.tiled.tiles.StaticTiledMapTile@52e7a6b2
TALL_GRASS1
com.badlogic.gdx.maps.tiled.tiles.StaticTiledMapTile@52e7a6b2
TALL_GRASS1
com.badlogic.gdx.maps.tiled.tiles.StaticTiledMapTile@52e7a6b2
TALL_GRASS1
com.badlogic.gdx.maps.tiled.tiles.StaticTiledMapTile@79c97cb
TALL_GRASS2
com.badlogic.gdx.maps.tiled.tiles.StaticTiledMapTile@389c4eb1
TESTGRASS
com.badlogic.gdx.maps.tiled.tiles.StaticTiledMapTile@79c97cb
TALL_GRASS2
com.badlogic.gdx.maps.tiled.tiles.StaticTiledMapTile@79c97cb
TALL_GRASS2
com.badlogic.gdx.maps.tiled.tiles.StaticTiledMapTile@79c97cb
TALL_GRASS2
com.badlogic.gdx.maps.tiled.tiles.StaticTiledMapTile@79c97cb
TALL_GRASS2
com.badlogic.gdx.maps.tiled.tiles.StaticTiledMapTile@389c4eb1
TESTGRASS
com.badlogic.gdx.maps.tiled.tiles.StaticTiledMapTile@389c4eb1
TESTGRASS
com.badlogic.gdx.maps.tiled.tiles.StaticTiledMapTile@52e7a6b2
TALL_GRASS1
com.badlogic.gdx.maps.tiled.tiles.StaticTiledMapTile@52e7a6b2
TALL_GRASS1
com.badlogic.gdx.maps.tiled.tiles.StaticTiledMapTile@52e7a6b2
TALL_GRASS1
com.badlogic.gdx.maps.tiled.tiles.StaticTiledMapTile@79c97cb
TALL_GRASS2
com.badlogic.gdx.maps.tiled.tiles.StaticTiledMapTile@389c4eb1
TESTGRASS
com.badlogic.gdx.maps.tiled.tiles.StaticTiledMapTile@79c97cb
TALL_GRASS2
com.badlogic.gdx.maps.tiled.tiles.StaticTiledMapTile@79c97cb
TALL_GRASS2
com.badlogic.gdx.maps.tiled.tiles.StaticTiledMapTile@79c97cb
TALL_GRASS2
com.badlogic.gdx.maps.tiled.tiles.StaticTiledMapTile@79c97cb
TALL_GRASS2
com.badlogic.gdx.maps.tiled.tiles.StaticTiledMapTile@389c4eb1
TESTGRASS
com.badlogic.gdx.maps.tiled.tiles.StaticTiledMapTile@389c4eb1
TESTGRASS
com.badlogic.gdx.maps.tiled.tiles.StaticTiledMapTile@52e7a6b2
TALL_GRASS1
com.badlogic.gdx.maps.tiled.tiles.StaticTiledMapTile@52e7a6b2
TALL_GRASS1
com.badlogic.gdx.maps.tiled.tiles.StaticTiledMapTile@52e7a6b2
TALL_GRASS1
com.badlogic.gdx.maps.tiled.tiles.StaticTiledMapTile@79c97cb
TALL_GRASS2
com.badlogic.gdx.maps.tiled.tiles.StaticTiledMapTile@389c4eb1
TESTGRASS
com.badlogic.gdx.maps.tiled.tiles.StaticTiledMapTile@79c97cb
TALL_GRASS2
com.badlogic.gdx.maps.tiled.tiles.StaticTiledMapTile@79c97cb
TALL_GRASS2
com.badlogic.gdx.maps.tiled.tiles.StaticTiledMapTile@79c97cb
TALL_GRASS2
com.badlogic.gdx.maps.tiled.tiles.StaticTiledMapTile@79c97cb
TALL_GRASS2
com.badlogic.gdx.maps.tiled.tiles.StaticTiledMapTile@78aa1f72
TESTDIRT
com.badlogic.gdx.maps.tiled.tiles.StaticTiledMapTile@78aa1f72
TESTDIRT
com.badlogic.gdx.maps.tiled.tiles.StaticTiledMapTile@52e7a6b2
TALL_GRASS1
com.badlogic.gdx.maps.tiled.tiles.StaticTiledMapTile@52e7a6b2
TALL_GRASS1
com.badlogic.gdx.maps.tiled.tiles.StaticTiledMapTile@79c97cb
TALL_GRASS2
com.badlogic.gdx.maps.tiled.tiles.StaticTiledMapTile@79c97cb
TALL_GRASS2
com.badlogic.gdx.maps.tiled.tiles.StaticTiledMapTile@78aa1f72
TESTDIRT
com.badlogic.gdx.maps.tiled.tiles.StaticTiledMapTile@79c97cb
TALL_GRASS2
com.badlogic.gdx.maps.tiled.tiles.StaticTiledMapTile@79c97cb
TALL_GRASS2
com.badlogic.gdx.maps.tiled.tiles.StaticTiledMapTile@79c97cb
TALL_GRASS2
com.badlogic.gdx.maps.tiled.tiles.StaticTiledMapTile@79c97cb
TALL_GRASS2
com.badlogic.gdx.maps.tiled.tiles.StaticTiledMapTile@389c4eb1
TESTGRASS
com.badlogic.gdx.maps.tiled.tiles.StaticTiledMapTile@389c4eb1
TESTGRASS
com.badlogic.gdx.maps.tiled.tiles.StaticTiledMapTile@52e7a6b2
TALL_GRASS1
com.badlogic.gdx.maps.tiled.tiles.StaticTiledMapTile@52e7a6b2
TALL_GRASS1
com.badlogic.gdx.maps.tiled.tiles.StaticTiledMapTile@79c97cb
TALL_GRASS2
com.badlogic.gdx.maps.tiled.tiles.StaticTiledMapTile@79c97cb
TALL_GRASS2
com.badlogic.gdx.maps.tiled.tiles.StaticTiledMapTile@389c4eb1
TESTGRASS
com.badlogic.gdx.maps.tiled.tiles.StaticTiledMapTile@79c97cb
TALL_GRASS2
com.badlogic.gdx.maps.tiled.tiles.StaticTiledMapTile@79c97cb
TALL_GRASS2
com.badlogic.gdx.maps.tiled.tiles.StaticTiledMapTile@79c97cb
TALL_GRASS2
com.badlogic.gdx.maps.tiled.tiles.StaticTiledMapTile@79c97cb
TALL_GRASS2
com.badlogic.gdx.maps.tiled.tiles.StaticTiledMapTile@389c4eb1
TESTGRASS
com.badlogic.gdx.maps.tiled.tiles.StaticTiledMapTile@389c4eb1
TESTGRASS
com.badlogic.gdx.maps.tiled.tiles.StaticTiledMapTile@52e7a6b2
TALL_GRASS1
com.badlogic.gdx.maps.tiled.tiles.StaticTiledMapTile@52e7a6b2
TALL_GRASS1
com.badlogic.gdx.maps.tiled.tiles.StaticTiledMapTile@79c97cb
TALL_GRASS2
com.badlogic.gdx.maps.tiled.tiles.StaticTiledMapTile@79c97cb
TALL_GRASS2
com.badlogic.gdx.maps.tiled.tiles.StaticTiledMapTile@389c4eb1
TESTGRASS
com.badlogic.gdx.maps.tiled.tiles.StaticTiledMapTile@79c97cb
TALL_GRASS2
com.badlogic.gdx.maps.tiled.tiles.StaticTiledMapTile@79c97cb
TALL_GRASS2
com.badlogic.gdx.maps.tiled.tiles.StaticTiledMapTile@79c97cb
TALL_GRASS2
com.badlogic.gdx.maps.tiled.tiles.StaticTiledMapTile@79c97cb
TALL_GRASS2
com.badlogic.gdx.maps.tiled.tiles.StaticTiledMapTile@389c4eb1
TESTGRASS
com.badlogic.gdx.maps.tiled.tiles.StaticTiledMapTile@389c4eb1
TESTGRASS
com.badlogic.gdx.maps.tiled.tiles.StaticTiledMapTile@52e7a6b2
TALL_GRASS1
com.badlogic.gdx.maps.tiled.tiles.StaticTiledMapTile@52e7a6b2
TALL_GRASS1
com.badlogic.gdx.maps.tiled.tiles.StaticTiledMapTile@79c97cb
TALL_GRASS2
com.badlogic.gdx.maps.tiled.tiles.StaticTiledMapTile@79c97cb
TALL_GRASS2
com.badlogic.gdx.maps.tiled.tiles.StaticTiledMapTile@389c4eb1
TESTGRASS
com.badlogic.gdx.maps.tiled.tiles.StaticTiledMapTile@79c97cb
TALL_GRASS2
com.badlogic.gdx.maps.tiled.tiles.StaticTiledMapTile@79c97cb
TALL_GRASS2
com.badlogic.gdx.maps.tiled.tiles.StaticTiledMapTile@79c97cb
TALL_GRASS2
com.badlogic.gdx.maps.tiled.tiles.StaticTiledMapTile@79c97cb
TALL_GRASS2
com.badlogic.gdx.maps.tiled.tiles.StaticTiledMapTile@389c4eb1
TESTGRASS
com.badlogic.gdx.maps.tiled.tiles.StaticTiledMapTile@389c4eb1
TESTGRASS
com.badlogic.gdx.maps.tiled.tiles.StaticTiledMapTile@52e7a6b2
TALL_GRASS1
com.badlogic.gdx.maps.tiled.tiles.StaticTiledMapTile@52e7a6b2
TALL_GRASS1
com.badlogic.gdx.maps.tiled.tiles.StaticTiledMapTile@52e7a6b2
TALL_GRASS1
com.badlogic.gdx.maps.tiled.tiles.StaticTiledMapTile@79c97cb
TALL_GRASS2
com.badlogic.gdx.maps.tiled.tiles.StaticTiledMapTile@389c4eb1
TESTGRASS
com.badlogic.gdx.maps.tiled.tiles.StaticTiledMapTile@79c97cb
TALL_GRASS2
com.badlogic.gdx.maps.tiled.tiles.StaticTiledMapTile@79c97cb
TALL_GRASS2
com.badlogic.gdx.maps.tiled.tiles.StaticTiledMapTile@79c97cb
TALL_GRASS2
com.badlogic.gdx.maps.tiled.tiles.StaticTiledMapTile@79c97cb
TALL_GRASS2
com.badlogic.gdx.maps.tiled.tiles.StaticTiledMapTile@389c4eb1
TESTGRASS
com.badlogic.gdx.maps.tiled.tiles.StaticTiledMapTile@389c4eb1
TESTGRASS
com.badlogic.gdx.maps.tiled.tiles.StaticTiledMapTile@52e7a6b2
TALL_GRASS1
com.badlogic.gdx.maps.tiled.tiles.StaticTiledMapTile@52e7a6b2
TALL_GRASS1
com.badlogic.gdx.maps.tiled.tiles.StaticTiledMapTile@52e7a6b2
TALL_GRASS1
com.badlogic.gdx.maps.tiled.tiles.StaticTiledMapTile@79c97cb
TALL_GRASS2
com.badlogic.gdx.maps.tiled.tiles.StaticTiledMapTile@389c4eb1
TESTGRASS
com.badlogic.gdx.maps.tiled.tiles.StaticTiledMapTile@79c97cb
TALL_GRASS2
com.badlogic.gdx.maps.tiled.tiles.StaticTiledMapTile@79c97cb
TALL_GRASS2
com.badlogic.gdx.maps.tiled.tiles.StaticTiledMapTile@79c97cb
TALL_GRASS2
com.badlogic.gdx.maps.tiled.tiles.StaticTiledMapTile@79c97cb
TALL_GRASS2
com.badlogic.gdx.maps.tiled.tiles.StaticTiledMapTile@389c4eb1
TESTGRASS
com.badlogic.gdx.maps.tiled.tiles.StaticTiledMapTile@389c4eb1
TESTGRASS
com.badlogic.gdx.maps.tiled.tiles.StaticTiledMapTile@52e7a6b2
TALL_GRASS1
com.badlogic.gdx.maps.tiled.tiles.StaticTiledMapTile@52e7a6b2
TALL_GRASS1
com.badlogic.gdx.maps.tiled.tiles.StaticTiledMapTile@52e7a6b2
TALL_GRASS1
com.badlogic.gdx.maps.tiled.tiles.StaticTiledMapTile@79c97cb
TALL_GRASS2
com.badlogic.gdx.maps.tiled.tiles.StaticTiledMapTile@389c4eb1
TESTGRASS
com.badlogic.gdx.maps.tiled.tiles.StaticTiledMapTile@79c97cb
TALL_GRASS2
com.badlogic.gdx.maps.tiled.tiles.StaticTiledMapTile@79c97cb
TALL_GRASS2
com.badlogic.gdx.maps.tiled.tiles.StaticTiledMapTile@79c97cb
TALL_GRASS2
com.badlogic.gdx.maps.tiled.tiles.StaticTiledMapTile@79c97cb
TALL_GRASS2
com.badlogic.gdx.maps.tiled.tiles.StaticTiledMapTile@389c4eb1
TESTGRASS
com.badlogic.gdx.maps.tiled.tiles.StaticTiledMapTile@389c4eb1
TESTGRASS
com.badlogic.gdx.maps.tiled.tiles.StaticTiledMapTile@52e7a6b2
TALL_GRASS1
com.badlogic.gdx.maps.tiled.tiles.StaticTiledMapTile@52e7a6b2
TALL_GRASS1
com.badlogic.gdx.maps.tiled.tiles.StaticTiledMapTile@52e7a6b2
TALL_GRASS1
com.badlogic.gdx.maps.tiled.tiles.StaticTiledMapTile@79c97cb
TALL_GRASS2
com.badlogic.gdx.maps.tiled.tiles.StaticTiledMapTile@389c4eb1
TESTGRASS
com.badlogic.gdx.maps.tiled.tiles.StaticTiledMapTile@79c97cb
TALL_GRASS2
com.badlogic.gdx.maps.tiled.tiles.StaticTiledMapTile@79c97cb
TALL_GRASS2
com.badlogic.gdx.maps.tiled.tiles.StaticTiledMapTile@79c97cb
TALL_GRASS2
com.badlogic.gdx.maps.tiled.tiles.StaticTiledMapTile@79c97cb
TALL_GRASS2
com.badlogic.gdx.maps.tiled.tiles.StaticTiledMapTile@389c4eb1
TESTGRASS
com.badlogic.gdx.maps.tiled.tiles.StaticTiledMapTile@389c4eb1
TESTGRASS
com.badlogic.gdx.maps.tiled.tiles.StaticTiledMapTile@52e7a6b2
TALL_GRASS1
com.badlogic.gdx.maps.tiled.tiles.StaticTiledMapTile@52e7a6b2
TALL_GRASS1
com.badlogic.gdx.maps.tiled.tiles.StaticTiledMapTile@52e7a6b2
TALL_GRASS1
com.badlogic.gdx.maps.tiled.tiles.StaticTiledMapTile@52e7a6b2
TALL_GRASS1
com.badlogic.gdx.maps.tiled.tiles.StaticTiledMapTile@389c4eb1
TESTGRASS
com.badlogic.gdx.maps.tiled.tiles.StaticTiledMapTile@79c97cb
TALL_GRASS2
com.badlogic.gdx.maps.tiled.tiles.StaticTiledMapTile@79c97cb
TALL_GRASS2
com.badlogic.gdx.maps.tiled.tiles.StaticTiledMapTile@79c97cb
TALL_GRASS2
com.badlogic.gdx.maps.tiled.tiles.StaticTiledMapTile@79c97cb
TALL_GRASS2
com.badlogic.gdx.maps.tiled.tiles.StaticTiledMapTile@389c4eb1
TESTGRASS
com.badlogic.gdx.maps.tiled.tiles.StaticTiledMapTile@389c4eb1
TESTGRASS
com.badlogic.gdx.maps.tiled.tiles.StaticTiledMapTile@52e7a6b2
TALL_GRASS1
com.badlogic.gdx.maps.tiled.tiles.StaticTiledMapTile@52e7a6b2
TALL_GRASS1
com.badlogic.gdx.maps.tiled.tiles.StaticTiledMapTile@52e7a6b2
TALL_GRASS1
com.badlogic.gdx.maps.tiled.tiles.StaticTiledMapTile@52e7a6b2
TALL_GRASS1
com.badlogic.gdx.maps.tiled.tiles.StaticTiledMapTile@389c4eb1
TESTGRASS
com.badlogic.gdx.maps.tiled.tiles.StaticTiledMapTile@79c97cb
TALL_GRASS2
com.badlogic.gdx.maps.tiled.tiles.StaticTiledMapTile@79c97cb
TALL_GRASS2
com.badlogic.gdx.maps.tiled.tiles.StaticTiledMapTile@79c97cb
TALL_GRASS2
com.badlogic.gdx.maps.tiled.tiles.StaticTiledMapTile@79c97cb
TALL_GRASS2
com.badlogic.gdx.maps.tiled.tiles.StaticTiledMapTile@389c4eb1
TESTGRASS
com.badlogic.gdx.maps.tiled.tiles.StaticTiledMapTile@389c4eb1
TESTGRASS
com.badlogic.gdx.maps.tiled.tiles.StaticTiledMapTile@52e7a6b2
TALL_GRASS1
com.badlogic.gdx.maps.tiled.tiles.StaticTiledMapTile@52e7a6b2
TALL_GRASS1
com.badlogic.gdx.maps.tiled.tiles.StaticTiledMapTile@52e7a6b2
TALL_GRASS1
com.badlogic.gdx.maps.tiled.tiles.StaticTiledMapTile@52e7a6b2
TALL_GRASS1
com.badlogic.gdx.maps.tiled.tiles.StaticTiledMapTile@389c4eb1
TESTGRASS
com.badlogic.gdx.maps.tiled.tiles.StaticTiledMapTile@79c97cb
TALL_GRASS2
com.badlogic.gdx.maps.tiled.tiles.StaticTiledMapTile@79c97cb
TALL_GRASS2
com.badlogic.gdx.maps.tiled.tiles.StaticTiledMapTile@79c97cb
TALL_GRASS2
com.badlogic.gdx.maps.tiled.tiles.StaticTiledMapTile@79c97cb
TALL_GRASS2
com.badlogic.gdx.maps.tiled.tiles.StaticTiledMapTile@389c4eb1
TESTGRASS
com.badlogic.gdx.maps.tiled.tiles.StaticTiledMapTile@389c4eb1
TESTGRASS
com.badlogic.gdx.maps.tiled.tiles.StaticTiledMapTile@52e7a6b2
TALL_GRASS1
com.badlogic.gdx.maps.tiled.tiles.StaticTiledMapTile@52e7a6b2
TALL_GRASS1
com.badlogic.gdx.maps.tiled.tiles.StaticTiledMapTile@52e7a6b2
TALL_GRASS1
com.badlogic.gdx.maps.tiled.tiles.StaticTiledMapTile@52e7a6b2
TALL_GRASS1
com.badlogic.gdx.maps.tiled.tiles.StaticTiledMapTile@389c4eb1
TESTGRASS
com.badlogic.gdx.maps.tiled.tiles.StaticTiledMapTile@79c97cb
TALL_GRASS2
com.badlogic.gdx.maps.tiled.tiles.StaticTiledMapTile@79c97cb
TALL_GRASS2
com.badlogic.gdx.maps.tiled.tiles.StaticTiledMapTile@79c97cb
TALL_GRASS2
com.badlogic.gdx.maps.tiled.tiles.StaticTiledMapTile@79c97cb
TALL_GRASS2
com.badlogic.gdx.maps.tiled.tiles.StaticTiledMapTile@389c4eb1
TESTGRASS
com.badlogic.gdx.maps.tiled.tiles.StaticTiledMapTile@389c4eb1
TESTGRASS
com.badlogic.gdx.maps.tiled.tiles.StaticTiledMapTile@52e7a6b2
TALL_GRASS1
com.badlogic.gdx.maps.tiled.tiles.StaticTiledMapTile@52e7a6b2
TALL_GRASS1
com.badlogic.gdx.maps.tiled.tiles.StaticTiledMapTile@52e7a6b2
TALL_GRASS1
com.badlogic.gdx.maps.tiled.tiles.StaticTiledMapTile@52e7a6b2
TALL_GRASS1
com.badlogic.gdx.maps.tiled.tiles.StaticTiledMapTile@389c4eb1
TESTGRASS
com.badlogic.gdx.maps.tiled.tiles.StaticTiledMapTile@79c97cb
TALL_GRASS2
com.badlogic.gdx.maps.tiled.tiles.StaticTiledMapTile@79c97cb
TALL_GRASS2
com.badlogic.gdx.maps.tiled.tiles.StaticTiledMapTile@79c97cb
TALL_GRASS2
com.badlogic.gdx.maps.tiled.tiles.StaticTiledMapTile@79c97cb
TALL_GRASS2
com.badlogic.gdx.maps.tiled.tiles.StaticTiledMapTile@389c4eb1
TESTGRASS
com.badlogic.gdx.maps.tiled.tiles.StaticTiledMapTile@389c4eb1
TESTGRASS
com.badlogic.gdx.maps.tiled.tiles.StaticTiledMapTile@52e7a6b2
TALL_GRASS1
com.badlogic.gdx.maps.tiled.tiles.StaticTiledMapTile@52e7a6b2
TALL_GRASS1
com.badlogic.gdx.maps.tiled.tiles.StaticTiledMapTile@52e7a6b2
TALL_GRASS1
com.badlogic.gdx.maps.tiled.tiles.StaticTiledMapTile@52e7a6b2
TALL_GRASS1
com.badlogic.gdx.maps.tiled.tiles.StaticTiledMapTile@389c4eb1
TESTGRASS
com.badlogic.gdx.maps.tiled.tiles.StaticTiledMapTile@79c97cb
TALL_GRASS2
com.badlogic.gdx.maps.tiled.tiles.StaticTiledMapTile@79c97cb
TALL_GRASS2
com.badlogic.gdx.maps.tiled.tiles.StaticTiledMapTile@79c97cb
TALL_GRASS2
com.badlogic.gdx.maps.tiled.tiles.StaticTiledMapTile@79c97cb
TALL_GRASS2
com.badlogic.gdx.maps.tiled.tiles.StaticTiledMapTile@389c4eb1
TESTGRASS
com.badlogic.gdx.maps.tiled.tiles.StaticTiledMapTile@389c4eb1
TESTGRASS
com.badlogic.gdx.maps.tiled.tiles.StaticTiledMapTile@52e7a6b2
TALL_GRASS1
com.badlogic.gdx.maps.tiled.tiles.StaticTiledMapTile@52e7a6b2
TALL_GRASS1
com.badlogic.gdx.maps.tiled.tiles.StaticTiledMapTile@52e7a6b2
TALL_GRASS1
com.badlogic.gdx.maps.tiled.tiles.StaticTiledMapTile@52e7a6b2
TALL_GRASS1
com.badlogic.gdx.maps.tiled.tiles.StaticTiledMapTile@389c4eb1
TESTGRASS
com.badlogic.gdx.maps.tiled.tiles.StaticTiledMapTile@79c97cb
TALL_GRASS2
com.badlogic.gdx.maps.tiled.tiles.StaticTiledMapTile@79c97cb
TALL_GRASS2
com.badlogic.gdx.maps.tiled.tiles.StaticTiledMapTile@79c97cb
TALL_GRASS2
com.badlogic.gdx.maps.tiled.tiles.StaticTiledMapTile@79c97cb
TALL_GRASS2
com.badlogic.gdx.maps.tiled.tiles.StaticTiledMapTile@389c4eb1
TESTGRASS
com.badlogic.gdx.maps.tiled.tiles.StaticTiledMapTile@389c4eb1
TESTGRASS
com.badlogic.gdx.maps.tiled.tiles.StaticTiledMapTile@52e7a6b2
TALL_GRASS1
com.badlogic.gdx.maps.tiled.tiles.StaticTiledMapTile@52e7a6b2
TALL_GRASS1
com.badlogic.gdx.maps.tiled.tiles.StaticTiledMapTile@52e7a6b2
TALL_GRASS1
com.badlogic.gdx.maps.tiled.tiles.StaticTiledMapTile@52e7a6b2
TALL_GRASS1
com.badlogic.gdx.maps.tiled.tiles.StaticTiledMapTile@389c4eb1
TESTGRASS
com.badlogic.gdx.maps.tiled.tiles.StaticTiledMapTile@79c97cb
TALL_GRASS2
com.badlogic.gdx.maps.tiled.tiles.StaticTiledMapTile@79c97cb
TALL_GRASS2
com.badlogic.gdx.maps.tiled.tiles.StaticTiledMapTile@79c97cb
TALL_GRASS2
com.badlogic.gdx.maps.tiled.tiles.StaticTiledMapTile@79c97cb
TALL_GRASS2
com.badlogic.gdx.maps.tiled.tiles.StaticTiledMapTile@389c4eb1
TESTGRASS
com.badlogic.gdx.maps.tiled.tiles.StaticTiledMapTile@389c4eb1
TESTGRASS
com.badlogic.gdx.maps.tiled.tiles.StaticTiledMapTile@52e7a6b2
TALL_GRASS1
com.badlogic.gdx.maps.tiled.tiles.StaticTiledMapTile@52e7a6b2
TALL_GRASS1
com.badlogic.gdx.maps.tiled.tiles.StaticTiledMapTile@52e7a6b2
TALL_GRASS1
com.badlogic.gdx.maps.tiled.tiles.StaticTiledMapTile@52e7a6b2
TALL_GRASS1
com.badlogic.gdx.maps.tiled.tiles.StaticTiledMapTile@389c4eb1
TESTGRASS
com.badlogic.gdx.maps.tiled.tiles.StaticTiledMapTile@79c97cb
TALL_GRASS2
com.badlogic.gdx.maps.tiled.tiles.StaticTiledMapTile@79c97cb
TALL_GRASS2
com.badlogic.gdx.maps.tiled.tiles.StaticTiledMapTile@79c97cb
TALL_GRASS2
com.badlogic.gdx.maps.tiled.tiles.StaticTiledMapTile@79c97cb
TALL_GRASS2
com.badlogic.gdx.maps.tiled.tiles.StaticTiledMapTile@389c4eb1
TESTGRASS
com.badlogic.gdx.maps.tiled.tiles.StaticTiledMapTile@389c4eb1
TESTGRASS
com.badlogic.gdx.maps.tiled.tiles.StaticTiledMapTile@52e7a6b2
TALL_GRASS1
com.badlogic.gdx.maps.tiled.tiles.StaticTiledMapTile@52e7a6b2
TALL_GRASS1
com.badlogic.gdx.maps.tiled.tiles.StaticTiledMapTile@52e7a6b2
TALL_GRASS1
com.badlogic.gdx.maps.tiled.tiles.StaticTiledMapTile@52e7a6b2
TALL_GRASS1
com.badlogic.gdx.maps.tiled.tiles.StaticTiledMapTile@389c4eb1
TESTGRASS
com.badlogic.gdx.maps.tiled.tiles.StaticTiledMapTile@79c97cb
TALL_GRASS2
com.badlogic.gdx.maps.tiled.tiles.StaticTiledMapTile@79c97cb
TALL_GRASS2
com.badlogic.gdx.maps.tiled.tiles.StaticTiledMapTile@79c97cb
TALL_GRASS2
com.badlogic.gdx.maps.tiled.tiles.StaticTiledMapTile@79c97cb
TALL_GRASS2
com.badlogic.gdx.maps.tiled.tiles.StaticTiledMapTile@389c4eb1
TESTGRASS
com.badlogic.gdx.maps.tiled.tiles.StaticTiledMapTile@389c4eb1
TESTGRASS
com.badlogic.gdx.maps.tiled.tiles.StaticTiledMapTile@52e7a6b2
TALL_GRASS1
com.badlogic.gdx.maps.tiled.tiles.StaticTiledMapTile@52e7a6b2
TALL_GRASS1
com.badlogic.gdx.maps.tiled.tiles.StaticTiledMapTile@52e7a6b2
TALL_GRASS1
com.badlogic.gdx.maps.tiled.tiles.StaticTiledMapTile@52e7a6b2
TALL_GRASS1
com.badlogic.gdx.maps.tiled.tiles.StaticTiledMapTile@389c4eb1
TESTGRASS
com.badlogic.gdx.maps.tiled.tiles.StaticTiledMapTile@79c97cb
TALL_GRASS2
com.badlogic.gdx.maps.tiled.tiles.StaticTiledMapTile@79c97cb
TALL_GRASS2
com.badlogic.gdx.maps.tiled.tiles.StaticTiledMapTile@79c97cb
TALL_GRASS2
com.badlogic.gdx.maps.tiled.tiles.StaticTiledMapTile@79c97cb
TALL_GRASS2
com.badlogic.gdx.maps.tiled.tiles.StaticTiledMapTile@389c4eb1
TESTGRASS
com.badlogic.gdx.maps.tiled.tiles.StaticTiledMapTile@389c4eb1
TESTGRASS
com.badlogic.gdx.maps.tiled.tiles.StaticTiledMapTile@52e7a6b2
TALL_GRASS1
com.badlogic.gdx.maps.tiled.tiles.StaticTiledMapTile@52e7a6b2
TALL_GRASS1
com.badlogic.gdx.maps.tiled.tiles.StaticTiledMapTile@52e7a6b2
TALL_GRASS1
com.badlogic.gdx.maps.tiled.tiles.StaticTiledMapTile@52e7a6b2
TALL_GRASS1
com.badlogic.gdx.maps.tiled.tiles.StaticTiledMapTile@389c4eb1
TESTGRASS
com.badlogic.gdx.maps.tiled.tiles.StaticTiledMapTile@79c97cb
TALL_GRASS2
com.badlogic.gdx.maps.tiled.tiles.StaticTiledMapTile@79c97cb
TALL_GRASS2
com.badlogic.gdx.maps.tiled.tiles.StaticTiledMapTile@79c97cb
TALL_GRASS2
com.badlogic.gdx.maps.tiled.tiles.StaticTiledMapTile@79c97cb
TALL_GRASS2
com.badlogic.gdx.maps.tiled.tiles.StaticTiledMapTile@389c4eb1
TESTGRASS
com.badlogic.gdx.maps.tiled.tiles.StaticTiledMapTile@389c4eb1
TESTGRASS
com.badlogic.gdx.maps.tiled.tiles.StaticTiledMapTile@52e7a6b2
TALL_GRASS1
com.badlogic.gdx.maps.tiled.tiles.StaticTiledMapTile@52e7a6b2
TALL_GRASS1
com.badlogic.gdx.maps.tiled.tiles.StaticTiledMapTile@52e7a6b2
TALL_GRASS1
com.badlogic.gdx.maps.tiled.tiles.StaticTiledMapTile@52e7a6b2
TALL_GRASS1
com.badlogic.gdx.maps.tiled.tiles.StaticTiledMapTile@389c4eb1
TESTGRASS
com.badlogic.gdx.maps.tiled.tiles.StaticTiledMapTile@79c97cb
TALL_GRASS2
com.badlogic.gdx.maps.tiled.tiles.StaticTiledMapTile@79c97cb
TALL_GRASS2
com.badlogic.gdx.maps.tiled.tiles.StaticTiledMapTile@79c97cb
TALL_GRASS2
com.badlogic.gdx.maps.tiled.tiles.StaticTiledMapTile@79c97cb
TALL_GRASS2
com.badlogic.gdx.maps.tiled.tiles.StaticTiledMapTile@389c4eb1
TESTGRASS
com.badlogic.gdx.maps.tiled.tiles.StaticTiledMapTile@389c4eb1
TESTGRASS
com.badlogic.gdx.maps.tiled.tiles.StaticTiledMapTile@52e7a6b2
TALL_GRASS1
com.badlogic.gdx.maps.tiled.tiles.StaticTiledMapTile@52e7a6b2
TALL_GRASS1
com.badlogic.gdx.maps.tiled.tiles.StaticTiledMapTile@52e7a6b2
TALL_GRASS1
com.badlogic.gdx.maps.tiled.tiles.StaticTiledMapTile@52e7a6b2
TALL_GRASS1
com.badlogic.gdx.maps.tiled.tiles.StaticTiledMapTile@389c4eb1
TESTGRASS
com.badlogic.gdx.maps.tiled.tiles.StaticTiledMapTile@79c97cb
TALL_GRASS2
com.badlogic.gdx.maps.tiled.tiles.StaticTiledMapTile@79c97cb
TALL_GRASS2
com.badlogic.gdx.maps.tiled.tiles.StaticTiledMapTile@79c97cb
TALL_GRASS2
com.badlogic.gdx.maps.tiled.tiles.StaticTiledMapTile@79c97cb
TALL_GRASS2
com.badlogic.gdx.maps.tiled.tiles.StaticTiledMapTile@389c4eb1
TESTGRASS
com.badlogic.gdx.maps.tiled.tiles.StaticTiledMapTile@389c4eb1
TESTGRASS
com.badlogic.gdx.maps.tiled.tiles.StaticTiledMapTile@52e7a6b2
TALL_GRASS1
com.badlogic.gdx.maps.tiled.tiles.StaticTiledMapTile@52e7a6b2
TALL_GRASS1
com.badlogic.gdx.maps.tiled.tiles.StaticTiledMapTile@52e7a6b2
TALL_GRASS1
com.badlogic.gdx.maps.tiled.tiles.StaticTiledMapTile@52e7a6b2
TALL_GRASS1
com.badlogic.gdx.maps.tiled.tiles.StaticTiledMapTile@389c4eb1
TESTGRASS
com.badlogic.gdx.maps.tiled.tiles.StaticTiledMapTile@79c97cb
TALL_GRASS2
com.badlogic.gdx.maps.tiled.tiles.StaticTiledMapTile@79c97cb
TALL_GRASS2
com.badlogic.gdx.maps.tiled.tiles.StaticTiledMapTile@79c97cb
TALL_GRASS2
com.badlogic.gdx.maps.tiled.tiles.StaticTiledMapTile@79c97cb
TALL_GRASS2
com.badlogic.gdx.maps.tiled.tiles.StaticTiledMapTile@389c4eb1
TESTGRASS
com.badlogic.gdx.maps.tiled.tiles.StaticTiledMapTile@389c4eb1
TESTGRASS
com.badlogic.gdx.maps.tiled.tiles.StaticTiledMapTile@52e7a6b2
TALL_GRASS1
com.badlogic.gdx.maps.tiled.tiles.StaticTiledMapTile@52e7a6b2
TALL_GRASS1
com.badlogic.gdx.maps.tiled.tiles.StaticTiledMapTile@52e7a6b2
TALL_GRASS1
com.badlogic.gdx.maps.tiled.tiles.StaticTiledMapTile@52e7a6b2
TALL_GRASS1
com.badlogic.gdx.maps.tiled.tiles.StaticTiledMapTile@389c4eb1
TESTGRASS
com.badlogic.gdx.maps.tiled.tiles.StaticTiledMapTile@79c97cb
TALL_GRASS2
com.badlogic.gdx.maps.tiled.tiles.StaticTiledMapTile@79c97cb
TALL_GRASS2
com.badlogic.gdx.maps.tiled.tiles.StaticTiledMapTile@79c97cb
TALL_GRASS2
com.badlogic.gdx.maps.tiled.tiles.StaticTiledMapTile@79c97cb
TALL_GRASS2
com.badlogic.gdx.maps.tiled.tiles.StaticTiledMapTile@389c4eb1
TESTGRASS
com.badlogic.gdx.maps.tiled.tiles.StaticTiledMapTile@389c4eb1
TESTGRASS
com.badlogic.gdx.maps.tiled.tiles.StaticTiledMapTile@52e7a6b2
TALL_GRASS1
com.badlogic.gdx.maps.tiled.tiles.StaticTiledMapTile@52e7a6b2
TALL_GRASS1
com.badlogic.gdx.maps.tiled.tiles.StaticTiledMapTile@52e7a6b2
TALL_GRASS1
com.badlogic.gdx.maps.tiled.tiles.StaticTiledMapTile@52e7a6b2
TALL_GRASS1
com.badlogic.gdx.maps.tiled.tiles.StaticTiledMapTile@389c4eb1
TESTGRASS
com.badlogic.gdx.maps.tiled.tiles.StaticTiledMapTile@79c97cb
TALL_GRASS2
com.badlogic.gdx.maps.tiled.tiles.StaticTiledMapTile@79c97cb
TALL_GRASS2
com.badlogic.gdx.maps.tiled.tiles.StaticTiledMapTile@79c97cb
TALL_GRASS2
com.badlogic.gdx.maps.tiled.tiles.StaticTiledMapTile@79c97cb
TALL_GRASS2
com.badlogic.gdx.maps.tiled.tiles.StaticTiledMapTile@389c4eb1
TESTGRASS
com.badlogic.gdx.maps.tiled.tiles.StaticTiledMapTile@389c4eb1
TESTGRASS
com.badlogic.gdx.maps.tiled.tiles.StaticTiledMapTile@52e7a6b2
TALL_GRASS1
com.badlogic.gdx.maps.tiled.tiles.StaticTiledMapTile@52e7a6b2
TALL_GRASS1
com.badlogic.gdx.maps.tiled.tiles.StaticTiledMapTile@52e7a6b2
TALL_GRASS1
com.badlogic.gdx.maps.tiled.tiles.StaticTiledMapTile@52e7a6b2
TALL_GRASS1
com.badlogic.gdx.maps.tiled.tiles.StaticTiledMapTile@389c4eb1
TESTGRASS
com.badlogic.gdx.maps.tiled.tiles.StaticTiledMapTile@79c97cb
TALL_GRASS2
com.badlogic.gdx.maps.tiled.tiles.StaticTiledMapTile@79c97cb
TALL_GRASS2
com.badlogic.gdx.maps.tiled.tiles.StaticTiledMapTile@79c97cb
TALL_GRASS2
com.badlogic.gdx.maps.tiled.tiles.StaticTiledMapTile@79c97cb
TALL_GRASS2
com.badlogic.gdx.maps.tiled.tiles.StaticTiledMapTile@389c4eb1
TESTGRASS
com.badlogic.gdx.maps.tiled.tiles.StaticTiledMapTile@389c4eb1
TESTGRASS
com.badlogic.gdx.maps.tiled.tiles.StaticTiledMapTile@52e7a6b2
TALL_GRASS1
com.badlogic.gdx.maps.tiled.tiles.StaticTiledMapTile@52e7a6b2
TALL_GRASS1
com.badlogic.gdx.maps.tiled.tiles.StaticTiledMapTile@52e7a6b2
TALL_GRASS1
com.badlogic.gdx.maps.tiled.tiles.StaticTiledMapTile@52e7a6b2
TALL_GRASS1
com.badlogic.gdx.maps.tiled.tiles.StaticTiledMapTile@389c4eb1
TESTGRASS
com.badlogic.gdx.maps.tiled.tiles.StaticTiledMapTile@79c97cb
TALL_GRASS2
com.badlogic.gdx.maps.tiled.tiles.StaticTiledMapTile@79c97cb
TALL_GRASS2
com.badlogic.gdx.maps.tiled.tiles.StaticTiledMapTile@79c97cb
TALL_GRASS2
com.badlogic.gdx.maps.tiled.tiles.StaticTiledMapTile@79c97cb
TALL_GRASS2
com.badlogic.gdx.maps.tiled.tiles.StaticTiledMapTile@389c4eb1
TESTGRASS
com.badlogic.gdx.maps.tiled.tiles.StaticTiledMapTile@389c4eb1
TESTGRASS
com.badlogic.gdx.maps.tiled.tiles.StaticTiledMapTile@52e7a6b2
TALL_GRASS1
com.badlogic.gdx.maps.tiled.tiles.StaticTiledMapTile@52e7a6b2
TALL_GRASS1
com.badlogic.gdx.maps.tiled.tiles.StaticTiledMapTile@52e7a6b2
TALL_GRASS1
com.badlogic.gdx.maps.tiled.tiles.StaticTiledMapTile@52e7a6b2
TALL_GRASS1
com.badlogic.gdx.maps.tiled.tiles.StaticTiledMapTile@389c4eb1
TESTGRASS
com.badlogic.gdx.maps.tiled.tiles.StaticTiledMapTile@79c97cb
TALL_GRASS2
com.badlogic.gdx.maps.tiled.tiles.StaticTiledMapTile@79c97cb
TALL_GRASS2
com.badlogic.gdx.maps.tiled.tiles.StaticTiledMapTile@79c97cb
TALL_GRASS2
com.badlogic.gdx.maps.tiled.tiles.StaticTiledMapTile@79c97cb
TALL_GRASS2
com.badlogic.gdx.maps.tiled.tiles.StaticTiledMapTile@389c4eb1
TESTGRASS
com.badlogic.gdx.maps.tiled.tiles.StaticTiledMapTile@389c4eb1
TESTGRASS
com.badlogic.gdx.maps.tiled.tiles.StaticTiledMapTile@52e7a6b2
TALL_GRASS1
com.badlogic.gdx.maps.tiled.tiles.StaticTiledMapTile@52e7a6b2
TALL_GRASS1
com.badlogic.gdx.maps.tiled.tiles.StaticTiledMapTile@52e7a6b2
TALL_GRASS1
com.badlogic.gdx.maps.tiled.tiles.StaticTiledMapTile@52e7a6b2
TALL_GRASS1
com.badlogic.gdx.maps.tiled.tiles.StaticTiledMapTile@389c4eb1
TESTGRASS
com.badlogic.gdx.maps.tiled.tiles.StaticTiledMapTile@79c97cb
TALL_GRASS2
com.badlogic.gdx.maps.tiled.tiles.StaticTiledMapTile@79c97cb
TALL_GRASS2
com.badlogic.gdx.maps.tiled.tiles.StaticTiledMapTile@79c97cb
TALL_GRASS2
com.badlogic.gdx.maps.tiled.tiles.StaticTiledMapTile@79c97cb
TALL_GRASS2
com.badlogic.gdx.maps.tiled.tiles.StaticTiledMapTile@389c4eb1
TESTGRASS
com.badlogic.gdx.maps.tiled.tiles.StaticTiledMapTile@389c4eb1
TESTGRASS
com.badlogic.gdx.maps.tiled.tiles.StaticTiledMapTile@52e7a6b2
TALL_GRASS1
com.badlogic.gdx.maps.tiled.tiles.StaticTiledMapTile@52e7a6b2
TALL_GRASS1
com.badlogic.gdx.maps.tiled.tiles.StaticTiledMapTile@52e7a6b2
TALL_GRASS1
com.badlogic.gdx.maps.tiled.tiles.StaticTiledMapTile@52e7a6b2
TALL_GRASS1
com.badlogic.gdx.maps.tiled.tiles.StaticTiledMapTile@389c4eb1
TESTGRASS
com.badlogic.gdx.maps.tiled.tiles.StaticTiledMapTile@79c97cb
TALL_GRASS2
com.badlogic.gdx.maps.tiled.tiles.StaticTiledMapTile@79c97cb
TALL_GRASS2
com.badlogic.gdx.maps.tiled.tiles.StaticTiledMapTile@79c97cb
TALL_GRASS2
com.badlogic.gdx.maps.tiled.tiles.StaticTiledMapTile@79c97cb
TALL_GRASS2
com.badlogic.gdx.maps.tiled.tiles.StaticTiledMapTile@389c4eb1
TESTGRASS
com.badlogic.gdx.maps.tiled.tiles.StaticTiledMapTile@389c4eb1
TESTGRASS
com.badlogic.gdx.maps.tiled.tiles.StaticTiledMapTile@52e7a6b2
TALL_GRASS1
com.badlogic.gdx.maps.tiled.tiles.StaticTiledMapTile@52e7a6b2
TALL_GRASS1
com.badlogic.gdx.maps.tiled.tiles.StaticTiledMapTile@52e7a6b2
TALL_GRASS1
com.badlogic.gdx.maps.tiled.tiles.StaticTiledMapTile@52e7a6b2
TALL_GRASS1
com.badlogic.gdx.maps.tiled.tiles.StaticTiledMapTile@389c4eb1
TESTGRASS
com.badlogic.gdx.maps.tiled.tiles.StaticTiledMapTile@79c97cb
TALL_GRASS2
com.badlogic.gdx.maps.tiled.tiles.StaticTiledMapTile@79c97cb
TALL_GRASS2
com.badlogic.gdx.maps.tiled.tiles.StaticTiledMapTile@79c97cb
TALL_GRASS2
com.badlogic.gdx.maps.tiled.tiles.StaticTiledMapTile@79c97cb
TALL_GRASS2
com.badlogic.gdx.maps.tiled.tiles.StaticTiledMapTile@389c4eb1
TESTGRASS
com.badlogic.gdx.maps.tiled.tiles.StaticTiledMapTile@389c4eb1
TESTGRASS
com.badlogic.gdx.maps.tiled.tiles.StaticTiledMapTile@52e7a6b2
TALL_GRASS1
com.badlogic.gdx.maps.tiled.tiles.StaticTiledMapTile@52e7a6b2
TALL_GRASS1
com.badlogic.gdx.maps.tiled.tiles.StaticTiledMapTile@52e7a6b2
TALL_GRASS1
com.badlogic.gdx.maps.tiled.tiles.StaticTiledMapTile@52e7a6b2
TALL_GRASS1
com.badlogic.gdx.maps.tiled.tiles.StaticTiledMapTile@389c4eb1
TESTGRASS
com.badlogic.gdx.maps.tiled.tiles.StaticTiledMapTile@79c97cb
TALL_GRASS2
com.badlogic.gdx.maps.tiled.tiles.StaticTiledMapTile@79c97cb
TALL_GRASS2
com.badlogic.gdx.maps.tiled.tiles.StaticTiledMapTile@79c97cb
TALL_GRASS2
com.badlogic.gdx.maps.tiled.tiles.StaticTiledMapTile@79c97cb
TALL_GRASS2
com.badlogic.gdx.maps.tiled.tiles.StaticTiledMapTile@389c4eb1
TESTGRASS
com.badlogic.gdx.maps.tiled.tiles.StaticTiledMapTile@389c4eb1
TESTGRASS
com.badlogic.gdx.maps.tiled.tiles.StaticTiledMapTile@52e7a6b2
TALL_GRASS1
com.badlogic.gdx.maps.tiled.tiles.StaticTiledMapTile@52e7a6b2
TALL_GRASS1
com.badlogic.gdx.maps.tiled.tiles.StaticTiledMapTile@52e7a6b2
TALL_GRASS1
com.badlogic.gdx.maps.tiled.tiles.StaticTiledMapTile@52e7a6b2
TALL_GRASS1
com.badlogic.gdx.maps.tiled.tiles.StaticTiledMapTile@389c4eb1
TESTGRASS
com.badlogic.gdx.maps.tiled.tiles.StaticTiledMapTile@79c97cb
TALL_GRASS2
com.badlogic.gdx.maps.tiled.tiles.StaticTiledMapTile@79c97cb
TALL_GRASS2
com.badlogic.gdx.maps.tiled.tiles.StaticTiledMapTile@79c97cb
TALL_GRASS2
com.badlogic.gdx.maps.tiled.tiles.StaticTiledMapTile@79c97cb
TALL_GRASS2
com.badlogic.gdx.maps.tiled.tiles.StaticTiledMapTile@389c4eb1
TESTGRASS
com.badlogic.gdx.maps.tiled.tiles.StaticTiledMapTile@389c4eb1
TESTGRASS
com.badlogic.gdx.maps.tiled.tiles.StaticTiledMapTile@52e7a6b2
TALL_GRASS1
com.badlogic.gdx.maps.tiled.tiles.StaticTiledMapTile@52e7a6b2
TALL_GRASS1
com.badlogic.gdx.maps.tiled.tiles.StaticTiledMapTile@52e7a6b2
TALL_GRASS1
com.badlogic.gdx.maps.tiled.tiles.StaticTiledMapTile@52e7a6b2
TALL_GRASS1
com.badlogic.gdx.maps.tiled.tiles.StaticTiledMapTile@389c4eb1
TESTGRASS
com.badlogic.gdx.maps.tiled.tiles.StaticTiledMapTile@79c97cb
TALL_GRASS2
com.badlogic.gdx.maps.tiled.tiles.StaticTiledMapTile@79c97cb
TALL_GRASS2
com.badlogic.gdx.maps.tiled.tiles.StaticTiledMapTile@79c97cb
TALL_GRASS2
com.badlogic.gdx.maps.tiled.tiles.StaticTiledMapTile@79c97cb
TALL_GRASS2
com.badlogic.gdx.maps.tiled.tiles.StaticTiledMapTile@389c4eb1
TESTGRASS
com.badlogic.gdx.maps.tiled.tiles.StaticTiledMapTile@389c4eb1
TESTGRASS
com.badlogic.gdx.maps.tiled.tiles.StaticTiledMapTile@52e7a6b2
TALL_GRASS1
com.badlogic.gdx.maps.tiled.tiles.StaticTiledMapTile@52e7a6b2
TALL_GRASS1
com.badlogic.gdx.maps.tiled.tiles.StaticTiledMapTile@52e7a6b2
TALL_GRASS1
com.badlogic.gdx.maps.tiled.tiles.StaticTiledMapTile@52e7a6b2
TALL_GRASS1
com.badlogic.gdx.maps.tiled.tiles.StaticTiledMapTile@389c4eb1
TESTGRASS
com.badlogic.gdx.maps.tiled.tiles.StaticTiledMapTile@79c97cb
TALL_GRASS2
com.badlogic.gdx.maps.tiled.tiles.StaticTiledMapTile@79c97cb
TALL_GRASS2
com.badlogic.gdx.maps.tiled.tiles.StaticTiledMapTile@79c97cb
TALL_GRASS2
com.badlogic.gdx.maps.tiled.tiles.StaticTiledMapTile@79c97cb
TALL_GRASS2
com.badlogic.gdx.maps.tiled.tiles.StaticTiledMapTile@389c4eb1
TESTGRASS
com.badlogic.gdx.maps.tiled.tiles.StaticTiledMapTile@389c4eb1
TESTGRASS
com.badlogic.gdx.maps.tiled.tiles.StaticTiledMapTile@52e7a6b2
TALL_GRASS1
com.badlogic.gdx.maps.tiled.tiles.StaticTiledMapTile@52e7a6b2
TALL_GRASS1
com.badlogic.gdx.maps.tiled.tiles.StaticTiledMapTile@52e7a6b2
TALL_GRASS1
com.badlogic.gdx.maps.tiled.tiles.StaticTiledMapTile@52e7a6b2
TALL_GRASS1
com.badlogic.gdx.maps.tiled.tiles.StaticTiledMapTile@389c4eb1
TESTGRASS
com.badlogic.gdx.maps.tiled.tiles.StaticTiledMapTile@79c97cb
TALL_GRASS2
com.badlogic.gdx.maps.tiled.tiles.StaticTiledMapTile@79c97cb
TALL_GRASS2
com.badlogic.gdx.maps.tiled.tiles.StaticTiledMapTile@79c97cb
TALL_GRASS2
com.badlogic.gdx.maps.tiled.tiles.StaticTiledMapTile@79c97cb
TALL_GRASS2
com.badlogic.gdx.maps.tiled.tiles.StaticTiledMapTile@389c4eb1
TESTGRASS
com.badlogic.gdx.maps.tiled.tiles.StaticTiledMapTile@389c4eb1
TESTGRASS
com.badlogic.gdx.maps.tiled.tiles.StaticTiledMapTile@52e7a6b2
TALL_GRASS1
com.badlogic.gdx.maps.tiled.tiles.StaticTiledMapTile@52e7a6b2
TALL_GRASS1
com.badlogic.gdx.maps.tiled.tiles.StaticTiledMapTile@52e7a6b2
TALL_GRASS1
com.badlogic.gdx.maps.tiled.tiles.StaticTiledMapTile@52e7a6b2
TALL_GRASS1
com.badlogic.gdx.maps.tiled.tiles.StaticTiledMapTile@389c4eb1
TESTGRASS
com.badlogic.gdx.maps.tiled.tiles.StaticTiledMapTile@79c97cb
TALL_GRASS2
com.badlogic.gdx.maps.tiled.tiles.StaticTiledMapTile@79c97cb
TALL_GRASS2
com.badlogic.gdx.maps.tiled.tiles.StaticTiledMapTile@79c97cb
TALL_GRASS2
com.badlogic.gdx.maps.tiled.tiles.StaticTiledMapTile@79c97cb
TALL_GRASS2
com.badlogic.gdx.maps.tiled.tiles.StaticTiledMapTile@389c4eb1
TESTGRASS
com.badlogic.gdx.maps.tiled.tiles.StaticTiledMapTile@389c4eb1
TESTGRASS
com.badlogic.gdx.maps.tiled.tiles.StaticTiledMapTile@52e7a6b2
TALL_GRASS1
com.badlogic.gdx.maps.tiled.tiles.StaticTiledMapTile@52e7a6b2
TALL_GRASS1
com.badlogic.gdx.maps.tiled.tiles.StaticTiledMapTile@52e7a6b2
TALL_GRASS1
com.badlogic.gdx.maps.tiled.tiles.StaticTiledMapTile@52e7a6b2
TALL_GRASS1
com.badlogic.gdx.maps.tiled.tiles.StaticTiledMapTile@389c4eb1
TESTGRASS
com.badlogic.gdx.maps.tiled.tiles.StaticTiledMapTile@79c97cb
TALL_GRASS2
com.badlogic.gdx.maps.tiled.tiles.StaticTiledMapTile@79c97cb
TALL_GRASS2
com.badlogic.gdx.maps.tiled.tiles.StaticTiledMapTile@79c97cb
TALL_GRASS2
com.badlogic.gdx.maps.tiled.tiles.StaticTiledMapTile@79c97cb
TALL_GRASS2
com.badlogic.gdx.maps.tiled.tiles.StaticTiledMapTile@389c4eb1
TESTGRASS
com.badlogic.gdx.maps.tiled.tiles.StaticTiledMapTile@328cf0e1
DIRT2
]]></system-out>
  </testcase>
  <testcase name="pickUpWeaponTest" classname="CollideTests" time="0.005"/>
  <testcase name="playerMoveTest" classname="CollideTests" time="0.007"/>
  <testcase name="pickUpTreasureTest" classname="CollideTests" time="0.002"/>
  <testcase name="rectCollidesWithMapTest_withoutPlayerObject" classname="CollideTests" time="0.002">
    <system-out><![CDATA[com.badlogic.gdx.maps.tiled.tiles.StaticTiledMapTile@78aa1f72
TESTDIRT
]]></system-out>
  </testcase>
  <testcase name="enemyPickUpWeaponTest" classname="CollideTests" time="0.002"/>
  <testcase name="playerKilledTest" classname="CollideTests" time="0.011">
    <system-out><![CDATA[

DMG: 500
HP before: 100
HP after: 0
]]></system-out>
  </testcase>
  <testcase name="enemyKilledTest" classname="CollideTests" time="0.001"/>
</testsuite>